<?xml version="1.0" encoding="UTF-8"?>
<!-- Generated by org.testng.reporters.JUnitXMLReporter -->
<testsuite ignored="0" hostname="IN026-LAB-0128" failures="1" tests="8" name="Test" time="48.607" errors="0" timestamp="2023-10-18T10:32:16 IST">
  <testcase classname="classes.loginFlow" name="checkSignInButton" time="20.273"/>
  <testcase classname="classes.loginFlow" name="validLogin" time="4.8"/>
  <testcase classname="classes.loginFlow" name="profileLaunch" time="5.381"/>
  <testcase classname="classes.AppScreen" name="firstNavigation" time="0.052"/>
  <testcase classname="classes.AppScreen" name="moviesTabLaunch" time="0.113"/>
  <testcase classname="classes.AppScreen" name="generPick" time="4.333"/>
  <testcase classname="classes.ContentSelection" name="contentrail" time="3.336"/>
  <testcase classname="classes.ContentSelection" name="contentSelection" time="10.21">
    <failure type="org.openqa.selenium.ElementClickInterceptedException" message="element click intercepted: Element &amp;lt;button aria-label=&amp;quot;Remove from My List&amp;quot; class=&amp;quot;color-supplementary hasIcon round ltr-11vo9g5&amp;quot; data-uia=&amp;quot;add-to-my-list-added&amp;quot; type=&amp;quot;button&amp;quot;&amp;gt;...&amp;lt;/button&amp;gt; is not clickable at point (437, 426). Other element would receive the click: &amp;lt;button aria-label=&amp;quot;Rate thumbs down&amp;quot; class=&amp;quot;color-supplemental small round ltr-8h50qn&amp;quot; data-uia=&amp;quot;thumbs-down-button&amp;quot; id=&amp;quot;thumbs-selection-down&amp;quot; type=&amp;quot;button&amp;quot;&amp;gt;...&amp;lt;/button&amp;gt;
  (Session info: chrome=118.0.5993.70)
Build info: version: &amp;apos;4.11.0&amp;apos;, revision: &amp;apos;040bc5406b&amp;apos;
System info: os.name: &amp;apos;Windows 10&amp;apos;, os.arch: &amp;apos;amd64&amp;apos;, os.version: &amp;apos;10.0&amp;apos;, java.version: &amp;apos;17.0.3.1&amp;apos;
Driver info: org.openqa.selenium.chrome.ChromeDriver
Command: [5ed4e44b73ed0c3b841897b51d14245d, clickElement {id=B8A05E76C83D2700DE86F68062A37860_element_197}]
Capabilities {acceptInsecureCerts: false, browserName: chrome, browserVersion: 118.0.5993.70, chrome: {chromedriverVersion: 118.0.5993.70 (e52f33f30b91..., userDataDir: C:\Users\MANJUN~1.DB\AppDat...}, fedcm:accounts: true, goog:chromeOptions: {debuggerAddress: localhost:50907}, networkConnectionEnabled: false, pageLoadStrategy: normal, platformName: windows, proxy: Proxy(), se:cdp: ws://localhost:50907/devtoo..., se:cdpVersion: 118.0.5993.70, setWindowRect: true, strictFileInteractability: false, timeouts: {implicit: 0, pageLoad: 300000, script: 30000}, unhandledPromptBehavior: dismiss and notify, webauthn:extension:credBlob: true, webauthn:extension:largeBlob: true, webauthn:extension:minPinLength: true, webauthn:extension:prf: true, webauthn:virtualAuthenticators: true}
Element: [[ChromeDriver: chrome on windows (5ed4e44b73ed0c3b841897b51d14245d)] -&amp;gt; xpath: (//div[@class=&amp;apos;buttonControls--container&amp;apos;]/div //button[@aria-label=&amp;apos;Remove from My List&amp;apos;])[1]]
Session ID: 5ed4e44b73ed0c3b841897b51d14245d">
      <![CDATA[org.openqa.selenium.ElementClickInterceptedException: element click intercepted: Element <button aria-label="Remove from My List" class="color-supplementary hasIcon round ltr-11vo9g5" data-uia="add-to-my-list-added" type="button">...</button> is not clickable at point (437, 426). Other element would receive the click: <button aria-label="Rate thumbs down" class="color-supplemental small round ltr-8h50qn" data-uia="thumbs-down-button" id="thumbs-selection-down" type="button">...</button>
  (Session info: chrome=118.0.5993.70)
Build info: version: '4.11.0', revision: '040bc5406b'
System info: os.name: 'Windows 10', os.arch: 'amd64', os.version: '10.0', java.version: '17.0.3.1'
Driver info: org.openqa.selenium.chrome.ChromeDriver
Command: [5ed4e44b73ed0c3b841897b51d14245d, clickElement {id=B8A05E76C83D2700DE86F68062A37860_element_197}]
Capabilities {acceptInsecureCerts: false, browserName: chrome, browserVersion: 118.0.5993.70, chrome: {chromedriverVersion: 118.0.5993.70 (e52f33f30b91..., userDataDir: C:\Users\MANJUN~1.DB\AppDat...}, fedcm:accounts: true, goog:chromeOptions: {debuggerAddress: localhost:50907}, networkConnectionEnabled: false, pageLoadStrategy: normal, platformName: windows, proxy: Proxy(), se:cdp: ws://localhost:50907/devtoo..., se:cdpVersion: 118.0.5993.70, setWindowRect: true, strictFileInteractability: false, timeouts: {implicit: 0, pageLoad: 300000, script: 30000}, unhandledPromptBehavior: dismiss and notify, webauthn:extension:credBlob: true, webauthn:extension:largeBlob: true, webauthn:extension:minPinLength: true, webauthn:extension:prf: true, webauthn:virtualAuthenticators: true}
Element: [[ChromeDriver: chrome on windows (5ed4e44b73ed0c3b841897b51d14245d)] -> xpath: (//div[@class='buttonControls--container']/div //button[@aria-label='Remove from My List'])[1]]
Session ID: 5ed4e44b73ed0c3b841897b51d14245d
at org.openqa.selenium.remote.codec.w3c.W3CHttpResponseCodec.createException(W3CHttpResponseCodec.java:200)
at org.openqa.selenium.remote.codec.w3c.W3CHttpResponseCodec.decode(W3CHttpResponseCodec.java:133)
at org.openqa.selenium.remote.codec.w3c.W3CHttpResponseCodec.decode(W3CHttpResponseCodec.java:52)
at org.openqa.selenium.remote.HttpCommandExecutor.execute(HttpCommandExecutor.java:191)
at org.openqa.selenium.remote.service.DriverCommandExecutor.invokeExecute(DriverCommandExecutor.java:196)
at org.openqa.selenium.remote.service.DriverCommandExecutor.execute(DriverCommandExecutor.java:171)
at org.openqa.selenium.remote.RemoteWebDriver.execute(RemoteWebDriver.java:518)
at org.openqa.selenium.remote.RemoteWebElement.execute(RemoteWebElement.java:224)
at org.openqa.selenium.remote.RemoteWebElement.click(RemoteWebElement.java:77)
at org.openqa.selenium.support.pagefactory.internal.LocatingElementHandler.invoke(LocatingElementHandler.java:51)
at jdk.proxy2/jdk.proxy2.$Proxy14.click(Unknown Source)
at pages.ScreenNavigation.addToWatchlist(ScreenNavigation.java:119)
at classes.ContentSelection.contentSelection(ContentSelection.java:18)
at java.base/java.util.ArrayList.forEach(ArrayList.java:1511)
... Removed 36 stack frames]]>
    </failure>
  </testcase> <!-- contentSelection -->
</testsuite> <!-- Test -->
